#
# There is insufficient memory for the Java Runtime Environment to continue.
# Native memory allocation (malloc) failed to allocate 262160 bytes for Chunk::new
# Possible reasons:
#   The system is out of physical RAM or swap space
#   The process is running with CompressedOops enabled, and the Java Heap may be blocking the growth of the native heap
# Possible solutions:
#   Reduce memory load on the system
#   Increase physical memory or swap space
#   Check if swap backing store is full
#   Decrease Java heap size (-Xmx/-Xms)
#   Decrease number of Java threads
#   Decrease Java thread stack sizes (-Xss)
#   Set larger code cache with -XX:ReservedCodeCacheSize=
#   JVM is running with Unscaled Compressed Oops mode in which the Java heap is
#     placed in the first 4GB address space. The Java Heap base address is the
#     maximum limit for the native heap growth. Please use -XX:HeapBaseMinAddress
#     to set the Java Heap base and to place the Java Heap above 4GB virtual address.
# This output file may be truncated or incomplete.
#
#  Out of Memory Error (./open/src/hotspot/share/memory/arena.cpp:197), pid=13924, tid=17620
#
# JRE version: Java(TM) SE Runtime Environment 18.9 (11.0.20+9) (build 11.0.20+9-LTS-256)
# Java VM: Java HotSpot(TM) 64-Bit Server VM 18.9 (11.0.20+9-LTS-256, mixed mode, tiered, compressed oops, g1 gc, windows-amd64)
# No core dump will be written. Minidumps are not enabled by default on client versions of Windows
#

---------------  S U M M A R Y ------------

Command Line: -javaagent:C:\Program Files\JetBrains\IntelliJ IDEA Community Edition 2024.1.1\lib\idea_rt.jar=65093:C:\Program Files\JetBrains\IntelliJ IDEA Community Edition 2024.1.1\bin -Dfile.encoding=UTF-8 PinChange

Host: AMD Ryzen 5 2500U with Radeon Vega Mobile Gfx  , 8 cores, 3G,  Windows 10 , 64 bit Build 19041 (10.0.19041.5072)
Time: Sun Nov 17 12:52:37 2024 India Standard Time elapsed time: 42.415005 seconds (0d 0h 0m 42s)

---------------  T H R E A D  ---------------

Current thread (0x00000204d76fa000):  JavaThread "C2 CompilerThread0" daemon [_thread_in_native, id=17620, stack(0x0000001d68a00000,0x0000001d68b00000)]


Current CompileTask:
C2:  42415 2788   !   4       sun.awt.PostEventQueue::flush (168 bytes)

Stack: [0x0000001d68a00000,0x0000001d68b00000]
Native frames: (J=compiled Java code, j=interpreted, Vv=VM code, C=native code)
V  [jvm.dll+0x6602ba]
V  [jvm.dll+0x7a32af]
V  [jvm.dll+0x7a4979]
V  [jvm.dll+0x7a5013]
V  [jvm.dll+0x258ef5]
V  [jvm.dll+0xb2a0c]
V  [jvm.dll+0xb2fcc]
V  [jvm.dll+0xb2b24]
V  [jvm.dll+0x63fbaf]
V  [jvm.dll+0x2193cb]
V  [jvm.dll+0x68aa8a]
V  [jvm.dll+0x21098d]
V  [jvm.dll+0x18cdb1]
V  [jvm.dll+0x220e59]
V  [jvm.dll+0x21f17c]
V  [jvm.dll+0x767061]
V  [jvm.dll+0x75f8e4]
V  [jvm.dll+0x65f165]
C  [ucrtbase.dll+0x21bb2]
C  [KERNEL32.DLL+0x17374]
C  [ntdll.dll+0x4cc91]


---------------  P R O C E S S  ---------------

Threads class SMR info:
_java_thread_list=0x00000204de753930, length=19, elements={
0x00000204d766a800, 0x00000204d766c000, 0x00000204d76e7800, 0x00000204d76ea800,
0x00000204d76eb800, 0x00000204d76fa000, 0x00000204d76fe800, 0x00000204d76ff800,
0x00000204d7626000, 0x00000204d7bc9000, 0x00000204d7d3c800, 0x00000204d7d75000,
0x00000204d7d73800, 0x00000204d8417800, 0x00000204bb893000, 0x00000204de810000,
0x00000204d836f800, 0x00000204d8097800, 0x00000204d794d800
}

Java Threads: ( => current thread )
  0x00000204d766a800 JavaThread "Reference Handler" daemon [_thread_blocked, id=3356, stack(0x0000001d68500000,0x0000001d68600000)]
  0x00000204d766c000 JavaThread "Finalizer" daemon [_thread_blocked, id=18024, stack(0x0000001d68600000,0x0000001d68700000)]
  0x00000204d76e7800 JavaThread "Signal Dispatcher" daemon [_thread_blocked, id=5520, stack(0x0000001d68700000,0x0000001d68800000)]
  0x00000204d76ea800 JavaThread "Attach Listener" daemon [_thread_blocked, id=7512, stack(0x0000001d68800000,0x0000001d68900000)]
  0x00000204d76eb800 JavaThread "Service Thread" daemon [_thread_blocked, id=3760, stack(0x0000001d68900000,0x0000001d68a00000)]
=>0x00000204d76fa000 JavaThread "C2 CompilerThread0" daemon [_thread_in_native, id=17620, stack(0x0000001d68a00000,0x0000001d68b00000)]
  0x00000204d76fe800 JavaThread "C1 CompilerThread0" daemon [_thread_blocked, id=8716, stack(0x0000001d68b00000,0x0000001d68c00000)]
  0x00000204d76ff800 JavaThread "Sweeper thread" daemon [_thread_blocked, id=8608, stack(0x0000001d68c00000,0x0000001d68d00000)]
  0x00000204d7626000 JavaThread "Common-Cleaner" daemon [_thread_blocked, id=13976, stack(0x0000001d68d00000,0x0000001d68e00000)]
  0x00000204d7bc9000 JavaThread "Monitor Ctrl-Break" daemon [_thread_in_native, id=6796, stack(0x0000001d68e00000,0x0000001d68f00000)]
  0x00000204d7d3c800 JavaThread "Java2D Disposer" daemon [_thread_blocked, id=18660, stack(0x0000001d69000000,0x0000001d69100000)]
  0x00000204d7d75000 JavaThread "AWT-Shutdown" [_thread_blocked, id=7444, stack(0x0000001d69100000,0x0000001d69200000)]
  0x00000204d7d73800 JavaThread "AWT-Windows" daemon [_thread_in_native, id=13664, stack(0x0000001d69200000,0x0000001d69300000)]
  0x00000204d8417800 JavaThread "AWT-EventQueue-0" [_thread_blocked, id=14904, stack(0x0000001d69c00000,0x0000001d69d00000)]
  0x00000204bb893000 JavaThread "DestroyJavaVM" [_thread_blocked, id=13392, stack(0x0000001d67e00000,0x0000001d67f00000)]
  0x00000204de810000 JavaThread "D3D Screen Updater" daemon [_thread_blocked, id=7424, stack(0x0000001d69e00000,0x0000001d69f00000)]
  0x00000204d836f800 JavaThread "TimerQueue" daemon [_thread_blocked, id=10652, stack(0x0000001d6a400000,0x0000001d6a500000)]
  0x00000204d8097800 JavaThread "mysql-cj-abandoned-connection-cleanup" daemon [_thread_blocked, id=9524, stack(0x0000001d69b00000,0x0000001d69c00000)]
  0x00000204d794d800 JavaThread "Image Fetcher 0" daemon [_thread_blocked, id=15656, stack(0x0000001d6a600000,0x0000001d6a700000)]

Other Threads:
  0x00000204d7668800 VMThread "VM Thread" [stack: 0x0000001d68400000,0x0000001d68500000] [id=13800]
  0x00000204d7b6a000 WatcherThread [stack: 0x0000001d68f00000,0x0000001d69000000] [id=15372]
  0x00000204bb8a8800 GCTaskThread "GC Thread#0" [stack: 0x0000001d67f00000,0x0000001d68000000] [id=15916]
  0x00000204de3eb000 GCTaskThread "GC Thread#1" [stack: 0x0000001d69f00000,0x0000001d6a000000] [id=17228]
  0x00000204de3d6000 GCTaskThread "GC Thread#2" [stack: 0x0000001d6a000000,0x0000001d6a100000] [id=13036]
  0x00000204de3d6800 GCTaskThread "GC Thread#3" [stack: 0x0000001d6a100000,0x0000001d6a200000] [id=14592]
  0x00000204de3d7800 GCTaskThread "GC Thread#4" [stack: 0x0000001d6a200000,0x0000001d6a300000] [id=11172]
  0x00000204de3da800 GCTaskThread "GC Thread#5" [stack: 0x0000001d6a300000,0x0000001d6a400000] [id=8660]
  0x00000204bb8c2800 ConcurrentGCThread "G1 Main Marker" [stack: 0x0000001d68000000,0x0000001d68100000] [id=15328]
  0x00000204bb8c4000 ConcurrentGCThread "G1 Conc#0" [stack: 0x0000001d68100000,0x0000001d68200000] [id=6476]
  0x00000204dec14800 ConcurrentGCThread "G1 Conc#1" [stack: 0x0000001d6a500000,0x0000001d6a600000] [id=14420]
  0x00000204bb91f000 ConcurrentGCThread "G1 Refine#0" [stack: 0x0000001d68200000,0x0000001d68300000] [id=16296]
  0x00000204bb920000 ConcurrentGCThread "G1 Young RemSet Sampling" [stack: 0x0000001d68300000,0x0000001d68400000] [id=18608]

Threads with active compile tasks:
C2 CompilerThread0    42525 2788   !   4       sun.awt.PostEventQueue::flush (168 bytes)

VM state:not at safepoint (normal execution)

VM Mutex/Monitor currently owned by a thread: None

Heap address: 0x00000000c7200000, size: 910 MB, Compressed Oops mode: 32-bit
Narrow klass base: 0x0000000000000000, Narrow klass shift: 3
Compressed class space size: 1073741824 Address: 0x0000000100000000

Heap:
 garbage-first heap   total 59392K, used 36525K [0x00000000c7200000, 0x0000000100000000)
  region size 1024K, 18 young (18432K), 2 survivors (2048K)
 Metaspace       used 26668K, capacity 27214K, committed 27440K, reserved 1073152K
  class space    used 2848K, capacity 3103K, committed 3200K, reserved 1048576K
Heap Regions: E=young(eden), S=young(survivor), O=old, HS=humongous(starts), HC=humongous(continues), CS=collection set, F=free, A=archive, TAMS=top-at-mark-start (previous, next)
|   0|0x00000000c7200000, 0x00000000c7300000, 0x00000000c7300000|100%|HS|  |TAMS 0x00000000c7300000, 0x00000000c7200000| Complete 
|   1|0x00000000c7300000, 0x00000000c7400000, 0x00000000c7400000|100%|HC|  |TAMS 0x00000000c7400000, 0x00000000c7300000| Complete 
|   2|0x00000000c7400000, 0x00000000c7500000, 0x00000000c7500000|100%|HC|  |TAMS 0x00000000c7500000, 0x00000000c7400000| Complete 
|   3|0x00000000c7500000, 0x00000000c7600000, 0x00000000c7600000|100%|HC|  |TAMS 0x00000000c7600000, 0x00000000c7500000| Complete 
|   4|0x00000000c7600000, 0x00000000c7700000, 0x00000000c7700000|100%|HS|  |TAMS 0x00000000c7700000, 0x00000000c7600000| Complete 
|   5|0x00000000c7700000, 0x00000000c7800000, 0x00000000c7800000|100%|HC|  |TAMS 0x00000000c7800000, 0x00000000c7700000| Complete 
|   6|0x00000000c7800000, 0x00000000c7900000, 0x00000000c7900000|100%|HC|  |TAMS 0x00000000c7900000, 0x00000000c7800000| Complete 
|   7|0x00000000c7900000, 0x00000000c7a00000, 0x00000000c7a00000|100%|HC|  |TAMS 0x00000000c7a00000, 0x00000000c7900000| Complete 
|   8|0x00000000c7a00000, 0x00000000c7b00000, 0x00000000c7b00000|100%| O|  |TAMS 0x00000000c7b00000, 0x00000000c7a00000| Untracked 
|   9|0x00000000c7b00000, 0x00000000c7c00000, 0x00000000c7c00000|100%| O|  |TAMS 0x00000000c7c00000, 0x00000000c7b00000| Untracked 
|  10|0x00000000c7c00000, 0x00000000c7d00000, 0x00000000c7d00000|100%| O|  |TAMS 0x00000000c7d00000, 0x00000000c7c00000| Untracked 
|  11|0x00000000c7d00000, 0x00000000c7e00000, 0x00000000c7e00000|100%| O|  |TAMS 0x00000000c7e00000, 0x00000000c7d00000| Untracked 
|  12|0x00000000c7e00000, 0x00000000c7e1fa00, 0x00000000c7f00000| 12%| O|  |TAMS 0x00000000c7e1fa00, 0x00000000c7e00000| Untracked 
|  13|0x00000000c7f00000, 0x00000000c8000000, 0x00000000c8000000|100%|HS|  |TAMS 0x00000000c7f00000, 0x00000000c7f00000| Complete 
|  14|0x00000000c8000000, 0x00000000c8100000, 0x00000000c8100000|100%|HC|  |TAMS 0x00000000c8000000, 0x00000000c8000000| Complete 
|  15|0x00000000c8100000, 0x00000000c8200000, 0x00000000c8200000|100%|HC|  |TAMS 0x00000000c8100000, 0x00000000c8100000| Complete 
|  16|0x00000000c8200000, 0x00000000c8300000, 0x00000000c8300000|100%|HC|  |TAMS 0x00000000c8200000, 0x00000000c8200000| Complete 
|  17|0x00000000c8300000, 0x00000000c8400000, 0x00000000c8400000|100%|HS|  |TAMS 0x00000000c8300000, 0x00000000c8300000| Complete 
|  18|0x00000000c8400000, 0x00000000c8500000, 0x00000000c8500000|100%|HC|  |TAMS 0x00000000c8400000, 0x00000000c8400000| Complete 
|  19|0x00000000c8500000, 0x00000000c8600000, 0x00000000c8600000|100%|HC|  |TAMS 0x00000000c8500000, 0x00000000c8500000| Complete 
|  20|0x00000000c8600000, 0x00000000c8700000, 0x00000000c8700000|100%|HC|  |TAMS 0x00000000c8600000, 0x00000000c8600000| Complete 
|  21|0x00000000c8700000, 0x00000000c8700000, 0x00000000c8800000|  0%| F|  |TAMS 0x00000000c8700000, 0x00000000c8700000| Untracked 
|  22|0x00000000c8800000, 0x00000000c8800000, 0x00000000c8900000|  0%| F|  |TAMS 0x00000000c8800000, 0x00000000c8800000| Untracked 
|  23|0x00000000c8900000, 0x00000000c8900000, 0x00000000c8a00000|  0%| F|  |TAMS 0x00000000c8900000, 0x00000000c8900000| Untracked 
|  24|0x00000000c8a00000, 0x00000000c8a00000, 0x00000000c8b00000|  0%| F|  |TAMS 0x00000000c8a00000, 0x00000000c8a00000| Untracked 
|  25|0x00000000c8b00000, 0x00000000c8b00000, 0x00000000c8c00000|  0%| F|  |TAMS 0x00000000c8b00000, 0x00000000c8b00000| Untracked 
|  26|0x00000000c8c00000, 0x00000000c8c00000, 0x00000000c8d00000|  0%| F|  |TAMS 0x00000000c8c00000, 0x00000000c8c00000| Untracked 
|  27|0x00000000c8d00000, 0x00000000c8d00000, 0x00000000c8e00000|  0%| F|  |TAMS 0x00000000c8d00000, 0x00000000c8d00000| Untracked 
|  28|0x00000000c8e00000, 0x00000000c8e00000, 0x00000000c8f00000|  0%| F|  |TAMS 0x00000000c8e00000, 0x00000000c8e00000| Untracked 
|  29|0x00000000c8f00000, 0x00000000c8f00000, 0x00000000c9000000|  0%| F|  |TAMS 0x00000000c8f00000, 0x00000000c8f00000| Untracked 
|  30|0x00000000c9000000, 0x00000000c9000000, 0x00000000c9100000|  0%| F|  |TAMS 0x00000000c9000000, 0x00000000c9000000| Untracked 
|  31|0x00000000c9100000, 0x00000000c9100000, 0x00000000c9200000|  0%| F|  |TAMS 0x00000000c9100000, 0x00000000c9100000| Untracked 
|  32|0x00000000c9200000, 0x00000000c9200000, 0x00000000c9300000|  0%| F|  |TAMS 0x00000000c9200000, 0x00000000c9200000| Untracked 
|  33|0x00000000c9300000, 0x00000000c9300000, 0x00000000c9400000|  0%| F|  |TAMS 0x00000000c9300000, 0x00000000c9300000| Untracked 
|  34|0x00000000c9400000, 0x00000000c9400000, 0x00000000c9500000|  0%| F|  |TAMS 0x00000000c9400000, 0x00000000c9400000| Untracked 
|  35|0x00000000c9500000, 0x00000000c9500000, 0x00000000c9600000|  0%| F|  |TAMS 0x00000000c9500000, 0x00000000c9500000| Untracked 
|  36|0x00000000c9600000, 0x00000000c9600000, 0x00000000c9700000|  0%| F|  |TAMS 0x00000000c9600000, 0x00000000c9600000| Untracked 
|  37|0x00000000c9700000, 0x00000000c9700000, 0x00000000c9800000|  0%| F|  |TAMS 0x00000000c9700000, 0x00000000c9700000| Untracked 
|  38|0x00000000c9800000, 0x00000000c9800000, 0x00000000c9900000|  0%| F|  |TAMS 0x00000000c9800000, 0x00000000c9800000| Untracked 
|  39|0x00000000c9900000, 0x00000000c9900000, 0x00000000c9a00000|  0%| F|  |TAMS 0x00000000c9900000, 0x00000000c9900000| Untracked 
|  40|0x00000000c9a00000, 0x00000000c9a82f40, 0x00000000c9b00000| 51%| E|  |TAMS 0x00000000c9a00000, 0x00000000c9a00000| Complete 
|  41|0x00000000c9b00000, 0x00000000c9c00000, 0x00000000c9c00000|100%| E|CS|TAMS 0x00000000c9b00000, 0x00000000c9b00000| Complete 
|  42|0x00000000c9c00000, 0x00000000c9c8bb00, 0x00000000c9d00000| 54%| S|CS|TAMS 0x00000000c9c00000, 0x00000000c9c00000| Complete 
|  43|0x00000000c9d00000, 0x00000000c9e00000, 0x00000000c9e00000|100%| S|CS|TAMS 0x00000000c9d00000, 0x00000000c9d00000| Complete 
|  44|0x00000000c9e00000, 0x00000000c9f00000, 0x00000000c9f00000|100%| E|CS|TAMS 0x00000000c9e00000, 0x00000000c9e00000| Complete 
|  45|0x00000000c9f00000, 0x00000000ca000000, 0x00000000ca000000|100%| E|CS|TAMS 0x00000000c9f00000, 0x00000000c9f00000| Complete 
|  46|0x00000000ca000000, 0x00000000ca100000, 0x00000000ca100000|100%| E|CS|TAMS 0x00000000ca000000, 0x00000000ca000000| Complete 
|  47|0x00000000ca100000, 0x00000000ca200000, 0x00000000ca200000|100%| E|CS|TAMS 0x00000000ca100000, 0x00000000ca100000| Complete 
|  48|0x00000000ca200000, 0x00000000ca300000, 0x00000000ca300000|100%| E|CS|TAMS 0x00000000ca200000, 0x00000000ca200000| Complete 
|  49|0x00000000ca300000, 0x00000000ca400000, 0x00000000ca400000|100%| E|CS|TAMS 0x00000000ca300000, 0x00000000ca300000| Complete 
|  50|0x00000000ca400000, 0x00000000ca500000, 0x00000000ca500000|100%| E|CS|TAMS 0x00000000ca400000, 0x00000000ca400000| Complete 
|  51|0x00000000ca500000, 0x00000000ca600000, 0x00000000ca600000|100%| E|CS|TAMS 0x00000000ca500000, 0x00000000ca500000| Complete 
|  52|0x00000000ca600000, 0x00000000ca700000, 0x00000000ca700000|100%| E|CS|TAMS 0x00000000ca600000, 0x00000000ca600000| Complete 
|  53|0x00000000ca700000, 0x00000000ca800000, 0x00000000ca800000|100%| E|CS|TAMS 0x00000000ca700000, 0x00000000ca700000| Complete 
|  54|0x00000000ca800000, 0x00000000ca900000, 0x00000000ca900000|100%| E|CS|TAMS 0x00000000ca800000, 0x00000000ca800000| Complete 
|  55|0x00000000ca900000, 0x00000000caa00000, 0x00000000caa00000|100%| E|CS|TAMS 0x00000000ca900000, 0x00000000ca900000| Complete 
|  56|0x00000000caa00000, 0x00000000cab00000, 0x00000000cab00000|100%| E|  |TAMS 0x00000000caa00000, 0x00000000caa00000| Complete 
|  57|0x00000000cab00000, 0x00000000cac00000, 0x00000000cac00000|100%| E|CS|TAMS 0x00000000cab00000, 0x00000000cab00000| Complete 

Card table byte_map: [0x00000204d2480000,0x00000204d2650000] _byte_map_base: 0x00000204d1e47000

Marking Bits (Prev, Next): (CMBitMap*) 0x00000204bb8be0a0, (CMBitMap*) 0x00000204bb8be068
 Prev Bits: [0x00000204d3660000, 0x00000204d4498000)
 Next Bits: [0x00000204d2820000, 0x00000204d3658000)

Polling page: 0x00000204b9860000

Metaspace:

Usage:
  Non-class:     23.55 MB capacity,    23.26 MB ( 99%) used,   222.93 KB ( <1%) free+waste,    67.31 KB ( <1%) overhead. 
      Class:      3.03 MB capacity,     2.78 MB ( 92%) used,   221.18 KB (  7%) free+waste,    33.81 KB (  1%) overhead. 
       Both:     26.58 MB capacity,    26.04 MB ( 98%) used,   444.11 KB (  2%) free+waste,   101.12 KB ( <1%) overhead. 

Virtual space:
  Non-class space:       24.00 MB reserved,      23.67 MB ( 99%) committed 
      Class space:        1.00 GB reserved,       3.12 MB ( <1%) committed 
             Both:        1.02 GB reserved,      26.80 MB (  3%) committed 

Chunk freelists:
   Non-Class:  128 bytes
       Class:  128 bytes
        Both:  256 bytes

CodeHeap 'non-profiled nmethods': size=120000Kb used=874Kb max_used=874Kb free=119125Kb
 bounds [0x00000204caa50000, 0x00000204cacc0000, 0x00000204d1f80000]
CodeHeap 'profiled nmethods': size=120000Kb used=5690Kb max_used=5690Kb free=114309Kb
 bounds [0x00000204c3520000, 0x00000204c3ab0000, 0x00000204caa50000]
CodeHeap 'non-nmethods': size=5760Kb used=1298Kb max_used=1312Kb free=4461Kb
 bounds [0x00000204c2f80000, 0x00000204c31f0000, 0x00000204c3520000]
 total_blobs=3491 nmethods=2783 adapters=618
 compilation: enabled
              stopped_count=0, restarted_count=0
 full_count=0

Compilation events (10 events):
Event: 42.315 Thread 0x00000204d76fe800 nmethod 2784 0x00000204c3a9fd10 code [0x00000204c3a9ffa0, 0x00000204c3aa0f68]
Event: 42.316 Thread 0x00000204d76fe800 2785   !   3       javax.swing.JComponent::paintChildren (691 bytes)
Event: 42.340 Thread 0x00000204d76fe800 nmethod 2785 0x00000204c3aa1510 code [0x00000204c3aa1c00, 0x00000204c3aa7188]
Event: 42.341 Thread 0x00000204d76fe800 2786   !   3       javax.swing.JComponent::paint (409 bytes)
Event: 42.344 Thread 0x00000204d76fa000 2788   !   4       sun.awt.PostEventQueue::flush (168 bytes)
Event: 42.348 Thread 0x00000204d76fe800 nmethod 2786 0x00000204c3aa9590 code [0x00000204c3aa99c0, 0x00000204c3aac478]
Event: 42.348 Thread 0x00000204d76fe800 2789       3       javax.swing.plaf.metal.MetalBorders$Flush3DBorder::getBorderInsets (10 bytes)
Event: 42.349 Thread 0x00000204d76fe800 nmethod 2789 0x00000204c3aad210 code [0x00000204c3aad3a0, 0x00000204c3aad598]
Event: 42.349 Thread 0x00000204d76fe800 2787       3       javax.swing.JComponent::getComponentGraphics (63 bytes)
Event: 42.351 Thread 0x00000204d76fe800 nmethod 2787 0x00000204c3aad690 code [0x00000204c3aad8e0, 0x00000204c3aae568]

GC Heap History (4 events):
Event: 3.808 GC heap before
{Heap before GC invocations=0 (full 0):
 garbage-first heap   total 59392K, used 32768K [0x00000000c7200000, 0x0000000100000000)
  region size 1024K, 24 young (24576K), 0 survivors (0K)
 Metaspace       used 16734K, capacity 17208K, committed 17408K, reserved 1064960K
  class space    used 1753K, capacity 1962K, committed 2048K, reserved 1048576K
}
Event: 3.818 GC heap after
{Heap after GC invocations=1 (full 0):
 garbage-first heap   total 59392K, used 12413K [0x00000000c7200000, 0x0000000100000000)
  region size 1024K, 3 young (3072K), 3 survivors (3072K)
 Metaspace       used 16734K, capacity 17208K, committed 17408K, reserved 1064960K
  class space    used 1753K, capacity 1962K, committed 2048K, reserved 1048576K
}
Event: 35.231 GC heap before
{Heap before GC invocations=1 (full 0):
 garbage-first heap   total 59392K, used 25725K [0x00000000c7200000, 0x0000000100000000)
  region size 1024K, 17 young (17408K), 3 survivors (3072K)
 Metaspace       used 20720K, capacity 21164K, committed 21296K, reserved 1069056K
  class space    used 2131K, capacity 2366K, committed 2432K, reserved 1048576K
}
Event: 35.240 GC heap after
{Heap after GC invocations=2 (full 0):
 garbage-first heap   total 59392K, used 13997K [0x00000000c7200000, 0x0000000100000000)
  region size 1024K, 2 young (2048K), 2 survivors (2048K)
 Metaspace       used 20720K, capacity 21164K, committed 21296K, reserved 1069056K
  class space    used 2131K, capacity 2366K, committed 2432K, reserved 1048576K
}

Deoptimization events (10 events):
Event: 35.423 Thread 0x00000204d8417800 Uncommon trap: reason=bimorphic_or_optimized_type_check action=maybe_recompile pc=0x00000204caac9ac4 method=java.util.HashMap.getNode(ILjava/lang/Object;)Ljava/util/HashMap$Node; @ 126 c2
Event: 35.476 Thread 0x00000204d8417800 Uncommon trap: reason=unstable_if action=reinterpret pc=0x00000204caad17b4 method=java.lang.ref.SoftReference.get()Ljava/lang/Object; @ 6 c2
Event: 35.881 Thread 0x00000204d8417800 Uncommon trap: reason=unstable_if action=reinterpret pc=0x00000204caab994c method=java.util.HashMap.putVal(ILjava/lang/Object;Ljava/lang/Object;ZZ)Ljava/lang/Object; @ 162 c2
Event: 35.966 Thread 0x00000204d8417800 Uncommon trap: reason=unstable_if action=reinterpret pc=0x00000204caabca4c method=java.nio.Buffer.<init>(IIII)V @ 44 c2
Event: 36.066 Thread 0x00000204d8417800 Uncommon trap: reason=bimorphic_or_optimized_type_check action=maybe_recompile pc=0x00000204cab15f48 method=java.util.regex.Pattern$SliceI.match(Ljava/util/regex/Matcher;ILjava/lang/CharSequence;)Z @ 92 c2
Event: 36.066 Thread 0x00000204d8417800 Uncommon trap: reason=bimorphic_or_optimized_type_check action=maybe_recompile pc=0x00000204cab15f48 method=java.util.regex.Pattern$SliceI.match(Ljava/util/regex/Matcher;ILjava/lang/CharSequence;)Z @ 92 c2
Event: 36.066 Thread 0x00000204d8417800 Uncommon trap: reason=bimorphic_or_optimized_type_check action=maybe_recompile pc=0x00000204cab15f48 method=java.util.regex.Pattern$SliceI.match(Ljava/util/regex/Matcher;ILjava/lang/CharSequence;)Z @ 92 c2
Event: 36.104 Thread 0x00000204d8417800 Uncommon trap: reason=class_check action=maybe_recompile pc=0x00000204caabb040 method=java.util.HashMap.putVal(ILjava/lang/Object;Ljava/lang/Object;ZZ)Ljava/lang/Object; @ 253 c2
Event: 36.105 Thread 0x00000204d8417800 Uncommon trap: reason=class_check action=maybe_recompile pc=0x00000204caabb040 method=java.util.HashMap.putVal(ILjava/lang/Object;Ljava/lang/Object;ZZ)Ljava/lang/Object; @ 253 c2
Event: 38.301 Thread 0x00000204d794d800 Uncommon trap: reason=unstable_if action=reinterpret pc=0x00000204caa8f01c method=java.awt.image.ReplicateScaleFilter.setPixels(IIIILjava/awt/image/ColorModel;[III)V @ 4 c2

Classes redefined (0 events):
No events

Internal exceptions (10 events):
Event: 35.369 Thread 0x00000204d8417800 Exception <a 'java/lang/NoSuchMethodError'{0x00000000ca814d70}: java.lang.invoke.DirectMethodHandle$Holder.invokeStaticInit(Ljava/lang/Object;Ljava/lang/Object;)V> (0x00000000ca814d70) thrown at [./open/src/hotspot/share/interpreter/linkResolver.cpp, line
Event: 35.497 Thread 0x00000204d8417800 Exception <a 'java/lang/NoSuchMethodError'{0x00000000ca7591e0}: java.lang.invoke.DirectMethodHandle$Holder.invokeStatic(Ljava/lang/Object;IIII)Ljava/lang/Object;> (0x00000000ca7591e0) thrown at [./open/src/hotspot/share/interpreter/linkResolver.cpp, line 
Event: 35.498 Thread 0x00000204d8417800 Exception <a 'java/lang/NoSuchMethodError'{0x00000000ca75c5a0}: java.lang.invoke.DirectMethodHandle$Holder.invokeStaticInit(Ljava/lang/Object;IIII)Ljava/lang/Object;> (0x00000000ca75c5a0) thrown at [./open/src/hotspot/share/interpreter/linkResolver.cpp, l
Event: 35.502 Thread 0x00000204d8417800 Exception <a 'sun/nio/fs/WindowsException'{0x00000000ca762868}> (0x00000000ca762868) thrown at [./open/src/hotspot/share/prims/jni.cpp, line 611]
Event: 35.526 Thread 0x00000204d8417800 Exception <a 'java/lang/NoSuchMethodError'{0x00000000ca785e78}: java.lang.invoke.DirectMethodHandle$Holder.invokeStaticInit(Ljava/lang/Object;Ljava/lang/Object;Ljava/lang/Object;Ljava/lang/Object;)I> (0x00000000ca785e78) thrown at [./open/src/hotspot/shar
Event: 35.527 Thread 0x00000204d8417800 Exception <a 'java/lang/IncompatibleClassChangeError'{0x00000000ca78efd8}: Found class java.lang.Object, but interface was expected> (0x00000000ca78efd8) thrown at [./open/src/hotspot/share/interpreter/linkResolver.cpp, line 838]
Event: 35.529 Thread 0x00000204d8417800 Exception <a 'java/lang/NoSuchMethodError'{0x00000000ca794868}: java.lang.invoke.DirectMethodHandle$Holder.invokeStaticInit(Ljava/lang/Object;Ljava/lang/Object;)I> (0x00000000ca794868) thrown at [./open/src/hotspot/share/interpreter/linkResolver.cpp, line
Event: 35.832 Thread 0x00000204d8417800 Exception <a 'java/lang/NoSuchMethodError'{0x00000000ca65d3d0}: java.lang.invoke.DirectMethodHandle$Holder.invokeStatic(Ljava/lang/Object;Ljava/lang/Object;IIII)Ljava/lang/Object;> (0x00000000ca65d3d0) thrown at [./open/src/hotspot/share/interpreter/linkR
Event: 35.832 Thread 0x00000204d8417800 Exception <a 'java/lang/NoSuchMethodError'{0x00000000ca6609c0}: java.lang.invoke.DirectMethodHandle$Holder.invokeStaticInit(Ljava/lang/Object;Ljava/lang/Object;IIII)Ljava/lang/Object;> (0x00000000ca6609c0) thrown at [./open/src/hotspot/share/interpreter/l
Event: 38.301 Thread 0x00000204d794d800 Implicit null exception at 0x00000204caa8e810 to 0x00000204caa8f008

Events (10 events):
Event: 42.081 Executing VM operation: RevokeBias
Event: 42.081 Executing VM operation: RevokeBias done
Event: 42.093 Executing VM operation: RevokeBias
Event: 42.093 Executing VM operation: RevokeBias done
Event: 42.104 Executing VM operation: RevokeBias
Event: 42.104 Executing VM operation: RevokeBias done
Event: 42.115 Executing VM operation: RevokeBias
Event: 42.115 Executing VM operation: RevokeBias done
Event: 42.258 Executing VM operation: RevokeBias
Event: 42.258 Executing VM operation: RevokeBias done


Dynamic libraries:
0x00007ff62be00000 - 0x00007ff62be10000 	C:\Program Files\Java\jdk-11\bin\java.exe
0x00007ffd087d0000 - 0x00007ffd089c8000 	C:\Windows\SYSTEM32\ntdll.dll
0x00007ffd08450000 - 0x00007ffd08512000 	C:\Windows\System32\KERNEL32.DLL
0x00007ffd062d0000 - 0x00007ffd065ce000 	C:\Windows\System32\KERNELBASE.dll
0x00007ffd065d0000 - 0x00007ffd066d0000 	C:\Windows\System32\ucrtbase.dll
0x00007ffd01840000 - 0x00007ffd01859000 	C:\Program Files\Java\jdk-11\bin\jli.dll
0x00007ffd01860000 - 0x00007ffd0187b000 	C:\Program Files\Java\jdk-11\bin\VCRUNTIME140.dll
0x00007ffd085c0000 - 0x00007ffd08671000 	C:\Windows\System32\ADVAPI32.dll
0x00007ffd08520000 - 0x00007ffd085be000 	C:\Windows\System32\msvcrt.dll
0x00007ffd07d60000 - 0x00007ffd07dff000 	C:\Windows\System32\sechost.dll
0x00007ffd07f20000 - 0x00007ffd08043000 	C:\Windows\System32\RPCRT4.dll
0x00007ffd05fc0000 - 0x00007ffd05fe7000 	C:\Windows\System32\bcrypt.dll
0x00007ffd082b0000 - 0x00007ffd0844d000 	C:\Windows\System32\USER32.dll
0x00007ffd062a0000 - 0x00007ffd062c2000 	C:\Windows\System32\win32u.dll
0x00007ffcf6440000 - 0x00007ffcf66da000 	C:\Windows\WinSxS\amd64_microsoft.windows.common-controls_6595b64144ccf1df_6.0.19041.4355_none_60b8b9eb71f62e16\COMCTL32.dll
0x00007ffd07670000 - 0x00007ffd0769b000 	C:\Windows\System32\GDI32.dll
0x00007ffd066d0000 - 0x00007ffd067e7000 	C:\Windows\System32\gdi32full.dll
0x00007ffd06200000 - 0x00007ffd0629d000 	C:\Windows\System32\msvcp_win.dll
0x00007ffcfcc10000 - 0x00007ffcfcc1a000 	C:\Windows\SYSTEM32\VERSION.dll
0x00007ffd08760000 - 0x00007ffd0878f000 	C:\Windows\System32\IMM32.DLL
0x00007ffd02390000 - 0x00007ffd0239c000 	C:\Program Files\Java\jdk-11\bin\vcruntime140_1.dll
0x00007ffcf2260000 - 0x00007ffcf22ee000 	C:\Program Files\Java\jdk-11\bin\msvcp140.dll
0x00007ffca1bd0000 - 0x00007ffca273d000 	C:\Program Files\Java\jdk-11\bin\server\jvm.dll
0x00007ffd075f0000 - 0x00007ffd075f8000 	C:\Windows\System32\PSAPI.DLL
0x00007ffd023a0000 - 0x00007ffd023a9000 	C:\Windows\SYSTEM32\WSOCK32.dll
0x00007ffcfaae0000 - 0x00007ffcfab07000 	C:\Windows\SYSTEM32\WINMM.dll
0x00007ffd07eb0000 - 0x00007ffd07f1b000 	C:\Windows\System32\ws2_32.DLL
0x00007ffd03cf0000 - 0x00007ffd03d02000 	C:\Windows\SYSTEM32\kernel.appcore.dll
0x00007ffcff2d0000 - 0x00007ffcff2e0000 	C:\Program Files\Java\jdk-11\bin\verify.dll
0x00007ffcf48a0000 - 0x00007ffcf4a84000 	C:\Windows\SYSTEM32\DBGHELP.DLL
0x00007ffcf5220000 - 0x00007ffcf5254000 	C:\Windows\SYSTEM32\dbgcore.DLL
0x00007ffd05e70000 - 0x00007ffd05ef2000 	C:\Windows\System32\bcryptPrimitives.dll
0x00007ffcfba70000 - 0x00007ffcfba98000 	C:\Program Files\Java\jdk-11\bin\java.dll
0x00007ffcff2c0000 - 0x00007ffcff2ca000 	C:\Program Files\Java\jdk-11\bin\jimage.dll
0x00007ffcfead0000 - 0x00007ffcfeade000 	C:\Program Files\Java\jdk-11\bin\instrument.dll
0x00007ffcfba50000 - 0x00007ffcfba67000 	C:\Program Files\Java\jdk-11\bin\zip.dll
0x00007ffd06e80000 - 0x00007ffd075ed000 	C:\Windows\System32\SHELL32.dll
0x00007ffd03ef0000 - 0x00007ffd04694000 	C:\Windows\SYSTEM32\windows.storage.dll
0x00007ffd078d0000 - 0x00007ffd07c23000 	C:\Windows\System32\combase.dll
0x00007ffd057d0000 - 0x00007ffd057fe000 	C:\Windows\SYSTEM32\Wldp.dll
0x00007ffd07720000 - 0x00007ffd077ed000 	C:\Windows\System32\OLEAUT32.dll
0x00007ffd08050000 - 0x00007ffd080fd000 	C:\Windows\System32\SHCORE.dll
0x00007ffd069b0000 - 0x00007ffd06a05000 	C:\Windows\System32\shlwapi.dll
0x00007ffd05da0000 - 0x00007ffd05dc4000 	C:\Windows\SYSTEM32\profapi.dll
0x00007ffcf2330000 - 0x00007ffcf2349000 	C:\Program Files\Java\jdk-11\bin\net.dll
0x00007ffcfd810000 - 0x00007ffcfd91d000 	C:\Windows\SYSTEM32\WINHTTP.dll
0x00007ffd05530000 - 0x00007ffd0559a000 	C:\Windows\system32\mswsock.dll
0x00007ffcf1e70000 - 0x00007ffcf1e82000 	C:\Program Files\Java\jdk-11\bin\nio.dll
0x00007ffcf1c00000 - 0x00007ffcf1c1a000 	C:\Program Files\JetBrains\IntelliJ IDEA Community Edition 2024.1.1\bin\breakgen64.dll
0x00007ffcea370000 - 0x00007ffcea4f2000 	C:\Program Files\Java\jdk-11\bin\awt.dll
0x00007ffd01990000 - 0x00007ffd01a24000 	C:\Windows\SYSTEM32\apphelp.dll
0x00007ffd039f0000 - 0x00007ffd03a1f000 	C:\Windows\system32\DWMAPI.DLL
0x00007ffd037e0000 - 0x00007ffd0387e000 	C:\Windows\system32\uxtheme.dll
0x00007ffced560000 - 0x00007ffced688000 	C:\Windows\system32\opengl32.dll
0x00007ffcf17b0000 - 0x00007ffcf17dc000 	C:\Windows\SYSTEM32\GLU32.dll
0x00007ffd07c40000 - 0x00007ffd07d55000 	C:\Windows\System32\MSCTF.dll
0x00007ffd067f0000 - 0x00007ffd0691b000 	C:\Windows\System32\ole32.dll
0x00007ffcc5c30000 - 0x00007ffcc5e01000 	C:\Windows\system32\d3d9.dll
0x00007ffcfab10000 - 0x00007ffcfaced000 	C:\Windows\System32\DriverStore\FileRepository\u0347546.inf_amd64_b6147192cabe67cc\B346863\aticfx64.dll
0x00007ffcc63e0000 - 0x00007ffcc6410000 	C:\Windows\System32\DriverStore\FileRepository\u0347546.inf_amd64_b6147192cabe67cc\B346863\atiu9p64.dll
0x00007ffcaa0a0000 - 0x00007ffcaad6e000 	C:\Windows\System32\DriverStore\FileRepository\u0347546.inf_amd64_b6147192cabe67cc\B346863\atiumd64.dll
0x00000000761d0000 - 0x0000000076f64000 	C:\Windows\System32\DriverStore\FileRepository\u0347546.inf_amd64_b6147192cabe67cc\B346863\atiumd6a.dll
0x00007ffd05cd0000 - 0x00007ffd05d1b000 	C:\Windows\SYSTEM32\POWRPROF.dll
0x00007ffd05cb0000 - 0x00007ffd05cc2000 	C:\Windows\SYSTEM32\UMPDC.dll
0x00007ffcfb090000 - 0x00007ffcfb0cb000 	C:\Windows\SYSTEM32\dxcore.dll
0x00007ffd05f70000 - 0x00007ffd05fbe000 	C:\Windows\System32\cfgmgr32.dll
0x00007ffcf1bb0000 - 0x00007ffcf1bde000 	C:\Program Files\Java\jdk-11\bin\javajpeg.dll
0x00007ffcf18c0000 - 0x00007ffcf1946000 	C:\Program Files\Java\jdk-11\bin\freetype.dll
0x00007ffcedc20000 - 0x00007ffcedcf3000 	C:\Program Files\Java\jdk-11\bin\fontmanager.dll
0x00007ffd07e00000 - 0x00007ffd07ea9000 	C:\Windows\System32\clbcatq.dll
0x00007ffd035f0000 - 0x00007ffd037a4000 	C:\Windows\SYSTEM32\WindowsCodecs.dll
0x00007ffce2c60000 - 0x00007ffce2c9e000 	C:\Windows\system32\dataexchange.dll
0x00007ffd005c0000 - 0x00007ffd007a4000 	C:\Windows\system32\dcomp.dll
0x00007ffcffb80000 - 0x00007ffcffde3000 	C:\Windows\system32\d3d11.dll
0x00007ffd04700000 - 0x00007ffd047f6000 	C:\Windows\system32\dxgi.dll
0x00007ffcfdb10000 - 0x00007ffcfdd13000 	C:\Windows\system32\twinapi.appcore.dll
0x00007ffcfae50000 - 0x00007ffcfaf49000 	C:\Windows\SYSTEM32\textinputframework.dll
0x00007ffd007d0000 - 0x00007ffd00b2b000 	C:\Windows\System32\CoreUIComponents.dll
0x00007ffd00f50000 - 0x00007ffd01042000 	C:\Windows\System32\CoreMessaging.dll
0x00007ffd050a0000 - 0x00007ffd050d3000 	C:\Windows\SYSTEM32\ntmarta.dll
0x00007ffd028a0000 - 0x00007ffd029f7000 	C:\Windows\SYSTEM32\wintypes.dll
0x00007ffd05250000 - 0x00007ffd0531a000 	C:\Windows\SYSTEM32\DNSAPI.dll
0x00007ffd05210000 - 0x00007ffd0524b000 	C:\Windows\SYSTEM32\IPHLPAPI.DLL
0x00007ffd07660000 - 0x00007ffd07668000 	C:\Windows\System32\NSI.dll
0x00007ffcfe0b0000 - 0x00007ffcfe0ba000 	C:\Windows\System32\rasadhlp.dll
0x00007ffcf6e20000 - 0x00007ffcf6ea0000 	C:\Windows\System32\fwpuclnt.dll
0x00007ffd021f0000 - 0x00007ffd021fe000 	C:\Program Files\Java\jdk-11\bin\sunmscapi.dll
0x00007ffd05ff0000 - 0x00007ffd0614c000 	C:\Windows\System32\CRYPT32.dll
0x00007ffd05840000 - 0x00007ffd05867000 	C:\Windows\SYSTEM32\ncrypt.dll
0x00007ffd05800000 - 0x00007ffd0583b000 	C:\Windows\SYSTEM32\NTASN1.dll
0x00007ffcf1af0000 - 0x00007ffcf1b17000 	C:\Program Files\Java\jdk-11\bin\sunec.dll
0x00007ffd05730000 - 0x00007ffd05748000 	C:\Windows\SYSTEM32\CRYPTSP.dll
0x00007ffd04e50000 - 0x00007ffd04e84000 	C:\Windows\system32\rsaenh.dll
0x00007ffd05d60000 - 0x00007ffd05d8e000 	C:\Windows\SYSTEM32\USERENV.dll
0x00007ffd05720000 - 0x00007ffd0572c000 	C:\Windows\SYSTEM32\CRYPTBASE.dll
0x00007ffcfde90000 - 0x00007ffcfdea7000 	C:\Windows\SYSTEM32\dhcpcsvc6.DLL
0x00007ffcfdd20000 - 0x00007ffcfdd3d000 	C:\Windows\SYSTEM32\dhcpcsvc.DLL

dbghelp: loaded successfully - version: 4.0.5 - missing functions: none
symbol engine: initialized successfully - sym options: 0x614 - pdb path: .;C:\Program Files\Java\jdk-11\bin;C:\Windows\SYSTEM32;C:\Windows\WinSxS\amd64_microsoft.windows.common-controls_6595b64144ccf1df_6.0.19041.4355_none_60b8b9eb71f62e16;C:\Program Files\Java\jdk-11\bin\server;C:\Program Files\JetBrains\IntelliJ IDEA Community Edition 2024.1.1\bin;C:\Windows\System32\DriverStore\FileRepository\u0347546.inf_amd64_b6147192cabe67cc\B346863

VM Arguments:
jvm_args: -javaagent:C:\Program Files\JetBrains\IntelliJ IDEA Community Edition 2024.1.1\lib\idea_rt.jar=65093:C:\Program Files\JetBrains\IntelliJ IDEA Community Edition 2024.1.1\bin -Dfile.encoding=UTF-8 
java_command: PinChange
java_class_path (initial): D:\bank management system\out\production\bank management system;D:\bank management system\jcalendar-tz-1.3.3-4.jar;D:\bank management system\mysql-connector-java-8.0.28.jar
Launcher Type: SUN_STANDARD

[Global flags]
     intx CICompilerCount                          = 4                                         {product} {ergonomic}
     uint ConcGCThreads                            = 2                                         {product} {ergonomic}
     uint G1ConcRefinementThreads                  = 8                                         {product} {ergonomic}
   size_t G1HeapRegionSize                         = 1048576                                   {product} {ergonomic}
    uintx GCDrainStackTargetSize                   = 64                                        {product} {ergonomic}
   size_t InitialHeapSize                          = 60817408                                  {product} {ergonomic}
   size_t MarkStackSize                            = 4194304                                   {product} {ergonomic}
   size_t MaxHeapSize                              = 954204160                                 {product} {ergonomic}
   size_t MaxNewSize                               = 572522496                                 {product} {ergonomic}
   size_t MinHeapDeltaBytes                        = 1048576                                   {product} {ergonomic}
    uintx NonNMethodCodeHeapSize                   = 5836300                                {pd product} {ergonomic}
    uintx NonProfiledCodeHeapSize                  = 122910970                              {pd product} {ergonomic}
    uintx ProfiledCodeHeapSize                     = 122910970                              {pd product} {ergonomic}
    uintx ReservedCodeCacheSize                    = 251658240                              {pd product} {ergonomic}
     bool SegmentedCodeCache                       = true                                      {product} {ergonomic}
     bool UseCompressedClassPointers               = true                                 {lp64_product} {ergonomic}
     bool UseCompressedOops                        = true                                 {lp64_product} {ergonomic}
     bool UseG1GC                                  = true                                      {product} {ergonomic}
     bool UseLargePagesIndividualAllocation        = false                                  {pd product} {ergonomic}

Logging:
Log output configuration:
 #0: stdout all=warning uptime,level,tags
 #1: stderr all=off uptime,level,tags

Environment Variables:
PATH=C:\Program Files\Common Files\Oracle\Java\javapath;C:\Program Files (x86)\Common Files\Oracle\Java\javapath;C:\Windows\system32;C:\Windows;C:\Windows\System32\Wbem;C:\Windows\System32\WindowsPowerShell\v1.0\;C:\Windows\System32\OpenSSH\;C:\Program Files\Git\cmd;C:\Program Files\MySQL\MySQL Server 8.0\bin;C:\Program Files\MySQL\MySQL Shell 8.0\bin\;C:\Users\LENOVO\AppData\Local\Microsoft\WindowsApps;;C:\Program Files\JetBrains\IntelliJ IDEA Community Edition 2024.1.1\bin;;C:\Users\LENOVO\AppData\Local\Programs\Microsoft VS Code\bin
USERNAME=LENOVO
OS=Windows_NT
PROCESSOR_IDENTIFIER=AMD64 Family 23 Model 17 Stepping 0, AuthenticAMD



---------------  S Y S T E M  ---------------

OS: Windows 10 , 64 bit Build 19041 (10.0.19041.5072)

CPU:total 8 (initial active 8) (8 cores per cpu, 2 threads per core) family 23 model 17 stepping 0 microcode 0x0, cmov, cx8, fxsr, mmx, sse, sse2, sse3, ssse3, sse4.1, sse4.2, popcnt, avx, avx2, aes, clmul, mmxext, 3dnowpref, lzcnt, sse4a, ht, tsc, tscinvbit, tscinv, bmi1, bmi2, adx, s

Memory: 4k page, system-wide physical 3637M (79M free)
TotalPageFile size 14901M (AvailPageFile size 4M)
current process WorkingSet (physical memory assigned to process): 204M, peak: 207M
current process commit charge ("private bytes"): 265M, peak: 265M

vm_info: Java HotSpot(TM) 64-Bit Server VM (11.0.20+9-LTS-256) for windows-amd64 JRE (11.0.20+9-LTS-256), built on Jun 14 2023 10:34:22 by "mach5one" with MS VC++ 17.1 (VS2022)

END.
